ISim log file
Running: D:\UPB\9no Semestre\Arquitectura y tecnologia de procesadores\VHDL\Processor\main_test_isim_beh.exe -intstyle ise -gui -tclbatch isim.cmd -wdb D:/UPB/9no Semestre/Arquitectura y tecnologia de procesadores/VHDL/Processor/main_test_isim_beh.wdb 
ISim P.20131013 (signature 0x7708f090)
WARNING: A WEBPACK license was found.
WARNING: Please use Xilinx License Configuration Manager to check out a full ISim license.
WARNING: ISim will run in Lite mode. Please refer to the ISim documentation for more information on the differences between the Lite and the Full version.
This is a Lite version of ISim.
Time resolution is 1 ps
# onerror resume
# wave add /
# run 1000 ns
Simulator is doing circuit initialization process.
Finished circuit initialization process.
at 705 ns(3), Instance /main_test/uut/ram/ : Warning: NUMERIC_STD.TO_INTEGER: metavalue detected, returning 0
at 735 ns(3), Instance /main_test/uut/ram/ : Warning: NUMERIC_STD.TO_INTEGER: metavalue detected, returning 0
at 765 ns(3), Instance /main_test/uut/ram/ : Warning: NUMERIC_STD.TO_INTEGER: metavalue detected, returning 0
at 815 ns(3), Instance /main_test/uut/ram/ : Warning: NUMERIC_STD.TO_INTEGER: metavalue detected, returning 0
at 845 ns(3), Instance /main_test/uut/ram/ : Warning: NUMERIC_STD.TO_INTEGER: metavalue detected, returning 0
at 875 ns(3), Instance /main_test/uut/ram/ : Warning: NUMERIC_STD.TO_INTEGER: metavalue detected, returning 0
at 925 ns(3), Instance /main_test/uut/ram/ : Warning: NUMERIC_STD.TO_INTEGER: metavalue detected, returning 0
at 955 ns(3), Instance /main_test/uut/ram/ : Warning: NUMERIC_STD.TO_INTEGER: metavalue detected, returning 0
at 985 ns(3), Instance /main_test/uut/ram/ : Warning: NUMERIC_STD.TO_INTEGER: metavalue detected, returning 0
ISim P.20131013 (signature 0x7708f090)
WARNING: A WEBPACK license was found.
WARNING: Please use Xilinx License Configuration Manager to check out a full ISim license.
WARNING: ISim will run in Lite mode. Please refer to the ISim documentation for more information on the differences between the Lite and the Full version.
This is a Lite version of ISim.
# run 1000 ns
Simulator is doing circuit initialization process.
Finished circuit initialization process.
at 705 ns(3), Instance /main_test/uut/ram/ : Warning: NUMERIC_STD.TO_INTEGER: metavalue detected, returning 0
at 735 ns(3), Instance /main_test/uut/ram/ : Warning: NUMERIC_STD.TO_INTEGER: metavalue detected, returning 0
at 765 ns(3), Instance /main_test/uut/ram/ : Warning: NUMERIC_STD.TO_INTEGER: metavalue detected, returning 0
at 815 ns(3), Instance /main_test/uut/ram/ : Warning: NUMERIC_STD.TO_INTEGER: metavalue detected, returning 0
at 845 ns(3), Instance /main_test/uut/ram/ : Warning: NUMERIC_STD.TO_INTEGER: metavalue detected, returning 0
at 875 ns(3), Instance /main_test/uut/ram/ : Warning: NUMERIC_STD.TO_INTEGER: metavalue detected, returning 0
at 925 ns(3), Instance /main_test/uut/ram/ : Warning: NUMERIC_STD.TO_INTEGER: metavalue detected, returning 0
at 955 ns(3), Instance /main_test/uut/ram/ : Warning: NUMERIC_STD.TO_INTEGER: metavalue detected, returning 0
at 985 ns(3), Instance /main_test/uut/ram/ : Warning: NUMERIC_STD.TO_INTEGER: metavalue detected, returning 0
ISim P.20131013 (signature 0x7708f090)
WARNING: A WEBPACK license was found.
WARNING: Please use Xilinx License Configuration Manager to check out a full ISim license.
WARNING: ISim will run in Lite mode. Please refer to the ISim documentation for more information on the differences between the Lite and the Full version.
This is a Lite version of ISim.
# run 1000 ns
Simulator is doing circuit initialization process.
Finished circuit initialization process.
at 705 ns(3), Instance /main_test/uut/ram/ : Warning: NUMERIC_STD.TO_INTEGER: metavalue detected, returning 0
at 735 ns(3), Instance /main_test/uut/ram/ : Warning: NUMERIC_STD.TO_INTEGER: metavalue detected, returning 0
at 765 ns(3), Instance /main_test/uut/ram/ : Warning: NUMERIC_STD.TO_INTEGER: metavalue detected, returning 0
at 815 ns(3), Instance /main_test/uut/ram/ : Warning: NUMERIC_STD.TO_INTEGER: metavalue detected, returning 0
at 845 ns(3), Instance /main_test/uut/ram/ : Warning: NUMERIC_STD.TO_INTEGER: metavalue detected, returning 0
at 875 ns(3), Instance /main_test/uut/ram/ : Warning: NUMERIC_STD.TO_INTEGER: metavalue detected, returning 0
at 925 ns(3), Instance /main_test/uut/ram/ : Warning: NUMERIC_STD.TO_INTEGER: metavalue detected, returning 0
at 955 ns(3), Instance /main_test/uut/ram/ : Warning: NUMERIC_STD.TO_INTEGER: metavalue detected, returning 0
at 985 ns(3), Instance /main_test/uut/ram/ : Warning: NUMERIC_STD.TO_INTEGER: metavalue detected, returning 0
ISim P.20131013 (signature 0x7708f090)
WARNING: A WEBPACK license was found.
WARNING: Please use Xilinx License Configuration Manager to check out a full ISim license.
WARNING: ISim will run in Lite mode. Please refer to the ISim documentation for more information on the differences between the Lite and the Full version.
This is a Lite version of ISim.
# run 1000 ns
Simulator is doing circuit initialization process.
Finished circuit initialization process.
ISim P.20131013 (signature 0x7708f090)
WARNING: A WEBPACK license was found.
WARNING: Please use Xilinx License Configuration Manager to check out a full ISim license.
WARNING: ISim will run in Lite mode. Please refer to the ISim documentation for more information on the differences between the Lite and the Full version.
This is a Lite version of ISim.
# run 1000 ns
Simulator is doing circuit initialization process.
Finished circuit initialization process.
ISim P.20131013 (signature 0x7708f090)
WARNING: A WEBPACK license was found.
WARNING: Please use Xilinx License Configuration Manager to check out a full ISim license.
WARNING: ISim will run in Lite mode. Please refer to the ISim documentation for more information on the differences between the Lite and the Full version.
This is a Lite version of ISim.
# run 1000 ns
Simulator is doing circuit initialization process.
Finished circuit initialization process.
ISim P.20131013 (signature 0x7708f090)
WARNING: A WEBPACK license was found.
WARNING: Please use Xilinx License Configuration Manager to check out a full ISim license.
WARNING: ISim will run in Lite mode. Please refer to the ISim documentation for more information on the differences between the Lite and the Full version.
This is a Lite version of ISim.
# run 1000 ns
Simulator is doing circuit initialization process.
Finished circuit initialization process.
ISim P.20131013 (signature 0x7708f090)
WARNING: A WEBPACK license was found.
WARNING: Please use Xilinx License Configuration Manager to check out a full ISim license.
WARNING: ISim will run in Lite mode. Please refer to the ISim documentation for more information on the differences between the Lite and the Full version.
This is a Lite version of ISim.
# run 1000 ns
Simulator is doing circuit initialization process.
Finished circuit initialization process.
